#
# There is insufficient memory for the Java Runtime Environment to continue.
# Native memory allocation (malloc) failed to allocate 32744 bytes for ChunkPool::allocate
# Possible reasons:
#   The system is out of physical RAM or swap space
#   In 32 bit mode, the process size limit was hit
# Possible solutions:
#   Reduce memory load on the system
#   Increase physical memory or swap space
#   Check if swap backing store is full
#   Use 64 bit Java on a 64 bit OS
#   Decrease Java heap size (-Xmx/-Xms)
#   Decrease number of Java threads
#   Decrease Java thread stack sizes (-Xss)
#   Set larger code cache with -XX:ReservedCodeCacheSize=
# This output file may be truncated or incomplete.
#
#  Out of Memory Error (allocation.cpp:273), pid=11044, tid=0x000000000000364c
#
# JRE version: Java(TM) SE Runtime Environment (8.0_191-b12) (build 1.8.0_191-b12)
# Java VM: Java HotSpot(TM) 64-Bit Server VM (25.191-b12 mixed mode windows-amd64 compressed oops)
# Failed to write core dump. Minidumps are not enabled by default on client versions of Windows
#

---------------  T H R E A D  ---------------

Current thread (0x0000000016f83000):  JavaThread "C2 CompilerThread0" daemon [_thread_in_native, id=13900, stack(0x00000000185d0000,0x00000000186d0000)]

Stack: [0x00000000185d0000,0x00000000186d0000]
[error occurred during error reporting (printing stack bounds), id 0xc0000005]

Native frames: (J=compiled Java code, j=interpreted, Vv=VM code, C=native code)


Current CompileTask:
C2:   3754 3140       4       java.net.URLClassLoader$1::run (5 bytes)


---------------  P R O C E S S  ---------------

Java Threads: ( => current thread )
  0x0000000016f91000 JavaThread "pool-2-thread-1" [_thread_blocked, id=6528, stack(0x0000000023fa0000,0x00000000240a0000)]
  0x0000000016f8e000 JavaThread "Abandoned connection cleanup thread" daemon [_thread_blocked, id=10928, stack(0x0000000023aa0000,0x0000000023ba0000)]
  0x00000000205ac000 JavaThread "Prism Font Disposer" daemon [_thread_blocked, id=5292, stack(0x0000000022350000,0x0000000022450000)]
  0x0000000018cc0000 JavaThread "Thread-3" daemon [_thread_in_native, id=2036, stack(0x0000000020830000,0x0000000020930000)]
  0x0000000018cb4000 JavaThread "JavaFX-Launcher" [_thread_blocked, id=5500, stack(0x0000000020930000,0x0000000020a30000)]
  0x0000000018c93800 JavaThread "JavaFX Application Thread" [_thread_in_Java, id=3908, stack(0x0000000019460000,0x0000000019560000)]
  0x0000000018c88800 JavaThread "Thread-1" daemon [_thread_blocked, id=5648, stack(0x0000000019360000,0x0000000019460000)]
  0x0000000018c7b000 JavaThread "QuantumRenderer-0" daemon [_thread_blocked, id=8264, stack(0x00000000190a0000,0x00000000191a0000)]
  0x0000000016fde000 JavaThread "Service Thread" daemon [_thread_blocked, id=11896, stack(0x0000000018cd0000,0x0000000018dd0000)]
  0x0000000016f8f800 JavaThread "C1 CompilerThread2" daemon [_thread_blocked, id=12820, stack(0x00000000187d0000,0x00000000188d0000)]
  0x0000000016f8f000 JavaThread "C2 CompilerThread1" daemon [_thread_in_native, id=14024, stack(0x00000000186d0000,0x00000000187d0000)]
=>0x0000000016f83000 JavaThread "C2 CompilerThread0" daemon [_thread_in_native, id=13900, stack(0x00000000185d0000,0x00000000186d0000)]
  0x0000000016f80800 JavaThread "Attach Listener" daemon [_thread_blocked, id=10136, stack(0x00000000184d0000,0x00000000185d0000)]
  0x0000000016f7f800 JavaThread "Signal Dispatcher" daemon [_thread_blocked, id=7680, stack(0x00000000183d0000,0x00000000184d0000)]
  0x0000000016f6a800 JavaThread "Finalizer" daemon [_thread_blocked, id=7080, stack(0x00000000181d0000,0x00000000182d0000)]
  0x0000000016f49000 JavaThread "Reference Handler" daemon [_thread_blocked, id=14296, stack(0x00000000180d0000,0x00000000181d0000)]
  0x0000000002393800 JavaThread "main" [_thread_blocked, id=13996, stack(0x0000000002290000,0x0000000002390000)]

Other Threads:
  0x0000000016f47800 VMThread [stack: 0x0000000017fd0000,0x00000000180d0000] [id=11456]
  0x0000000018924800 WatcherThread [stack: 0x0000000018dd0000,0x0000000018ed0000] [id=8532]

VM state:not at safepoint (normal execution)

VM Mutex/Monitor currently owned by a thread: None

Heap:
 PSYoungGen      total 98816K, used 5530K [0x00000000d6000000, 0x00000000dea00000, 0x0000000100000000)
  eden space 93696K, 5% used [0x00000000d6000000,0x00000000d6566800,0x00000000dbb80000)
  from space 5120K, 0% used [0x00000000de000000,0x00000000de000000,0x00000000de500000)
  to   space 5120K, 0% used [0x00000000de500000,0x00000000de500000,0x00000000dea00000)
 ParOldGen       total 89600K, used 28432K [0x0000000082000000, 0x0000000087780000, 0x00000000d6000000)
  object space 89600K, 31% used [0x0000000082000000,0x0000000083bc4320,0x0000000087780000)
 Metaspace       used 35325K, capacity 36658K, committed 36952K, reserved 1081344K
  class space    used 4876K, capacity 5157K, committed 5208K, reserved 1048576K

Card table byte_map: [0x0000000011850000,0x0000000011c50000] byte_map_base: 0x0000000011440000

Marking Bits: (ParMarkBitMap*) 0x0000000061b93e30
 Begin Bits: [0x00000000122f0000, 0x0000000014270000)
 End Bits:   [0x0000000014270000, 0x00000000161f0000)

Polling page: 0x00000000009a0000

CodeCache: size=245760Kb used=12243Kb max_used=12257Kb free=233516Kb
 bounds [0x0000000002490000, 0x00000000030a0000, 0x0000000011490000]
 total_blobs=4517 nmethods=3755 adapters=674
 compilation: enabled

Compilation events (10 events):
Event: 3.732 Thread 0x0000000016f8f800 3762       3       java.nio.Buffer::nextPutIndex (31 bytes)
Event: 3.732 Thread 0x0000000016f8f800 nmethod 3762 0x0000000003088b10 code [0x0000000003088c80, 0x0000000003088e88]
Event: 3.743 Thread 0x0000000016f8f000 nmethod 3710 0x000000000308d350 code [0x000000000308d660, 0x000000000308ecf0]
Event: 3.743 Thread 0x0000000016f8f000 3734       4       com.sun.javafx.css.StyleMap::getCascadingStyles (404 bytes)
Event: 3.748 Thread 0x0000000016f8f800 3763       3       java.nio.HeapCharBuffer::ix (7 bytes)
Event: 3.748 Thread 0x0000000016f8f800 nmethod 3763 0x000000000308d050 code [0x000000000308d1a0, 0x000000000308d2f0]
Event: 3.749 Thread 0x0000000016f8f800 3764       3       java.nio.HeapCharBuffer::put (16 bytes)
Event: 3.749 Thread 0x0000000016f8f800 nmethod 3764 0x000000000308c950 code [0x000000000308cae0, 0x000000000308ce88]
Event: 3.749 Thread 0x0000000016f8f800 3765       3       sun.nio.cs.UnicodeDecoder::decode (24 bytes)
Event: 3.749 Thread 0x0000000016f8f800 nmethod 3765 0x000000000308c5d0 code [0x000000000308c720, 0x000000000308c8f0]

GC Heap History (10 events):
Event: 1.746 GC heap before
{Heap before GC invocations=3 (full 0):
 PSYoungGen      total 70656K, used 33961K [0x00000000d6000000, 0x00000000daa00000, 0x0000000100000000)
  eden space 65536K, 44% used [0x00000000d6000000,0x00000000d7c2d990,0x00000000da000000)
  from space 5120K, 99% used [0x00000000da500000,0x00000000da9fcb90,0x00000000daa00000)
  to   space 5120K, 0% used [0x00000000da000000,0x00000000da000000,0x00000000da500000)
 ParOldGen       total 86016K, used 14436K [0x0000000082000000, 0x0000000087400000, 0x00000000d6000000)
  object space 86016K, 16% used [0x0000000082000000,0x0000000082e19238,0x0000000087400000)
 Metaspace       used 20512K, capacity 21194K, committed 21248K, reserved 1067008K
  class space    used 2834K, capacity 3033K, committed 3072K, reserved 1048576K
Event: 1.756 GC heap after
Heap after GC invocations=3 (full 0):
 PSYoungGen      total 70656K, used 5098K [0x00000000d6000000, 0x00000000dea00000, 0x0000000100000000)
  eden space 65536K, 0% used [0x00000000d6000000,0x00000000d6000000,0x00000000da000000)
  from space 5120K, 99% used [0x00000000da000000,0x00000000da4fa860,0x00000000da500000)
  to   space 5120K, 0% used [0x00000000de500000,0x00000000de500000,0x00000000dea00000)
 ParOldGen       total 86016K, used 18696K [0x0000000082000000, 0x0000000087400000, 0x00000000d6000000)
  object space 86016K, 21% used [0x0000000082000000,0x0000000083242260,0x0000000087400000)
 Metaspace       used 20512K, capacity 21194K, committed 21248K, reserved 1067008K
  class space    used 2834K, capacity 3033K, committed 3072K, reserved 1048576K
}
Event: 1.756 GC heap before
{Heap before GC invocations=4 (full 1):
 PSYoungGen      total 70656K, used 5098K [0x00000000d6000000, 0x00000000dea00000, 0x0000000100000000)
  eden space 65536K, 0% used [0x00000000d6000000,0x00000000d6000000,0x00000000da000000)
  from space 5120K, 99% used [0x00000000da000000,0x00000000da4fa860,0x00000000da500000)
  to   space 5120K, 0% used [0x00000000de500000,0x00000000de500000,0x00000000dea00000)
 ParOldGen       total 86016K, used 18696K [0x0000000082000000, 0x0000000087400000, 0x00000000d6000000)
  object space 86016K, 21% used [0x0000000082000000,0x0000000083242260,0x0000000087400000)
 Metaspace       used 20512K, capacity 21194K, committed 21248K, reserved 1067008K
  class space    used 2834K, capacity 3033K, committed 3072K, reserved 1048576K
Event: 1.789 GC heap after
Heap after GC invocations=4 (full 1):
 PSYoungGen      total 70656K, used 0K [0x00000000d6000000, 0x00000000dea00000, 0x0000000100000000)
  eden space 65536K, 0% used [0x00000000d6000000,0x00000000d6000000,0x00000000da000000)
  from space 5120K, 0% used [0x00000000da000000,0x00000000da000000,0x00000000da500000)
  to   space 5120K, 0% used [0x00000000de500000,0x00000000de500000,0x00000000dea00000)
 ParOldGen       total 89600K, used 22632K [0x0000000082000000, 0x0000000087780000, 0x00000000d6000000)
  object space 89600K, 25% used [0x0000000082000000,0x000000008361a0e0,0x0000000087780000)
 Metaspace       used 20512K, capacity 21194K, committed 21248K, reserved 1067008K
  class space    used 2834K, capacity 3033K, committed 3072K, reserved 1048576K
}
Event: 2.839 GC heap before
{Heap before GC invocations=5 (full 1):
 PSYoungGen      total 70656K, used 65536K [0x00000000d6000000, 0x00000000dea00000, 0x0000000100000000)
  eden space 65536K, 100% used [0x00000000d6000000,0x00000000da000000,0x00000000da000000)
  from space 5120K, 0% used [0x00000000da000000,0x00000000da000000,0x00000000da500000)
  to   space 5120K, 0% used [0x00000000de500000,0x00000000de500000,0x00000000dea00000)
 ParOldGen       total 89600K, used 22632K [0x0000000082000000, 0x0000000087780000, 0x00000000d6000000)
  object space 89600K, 25% used [0x0000000082000000,0x000000008361a0e0,0x0000000087780000)
 Metaspace       used 28612K, capacity 29346K, committed 29696K, reserved 1075200K
  class space    used 3799K, capacity 3985K, committed 4096K, reserved 1048576K
Event: 2.850 GC heap after
Heap after GC invocations=5 (full 1):
 PSYoungGen      total 98816K, used 5116K [0x00000000d6000000, 0x00000000dea00000, 0x0000000100000000)
  eden space 93696K, 0% used [0x00000000d6000000,0x00000000d6000000,0x00000000dbb80000)
  from space 5120K, 99% used [0x00000000de500000,0x00000000de9ff268,0x00000000dea00000)
  to   space 5120K, 0% used [0x00000000de000000,0x00000000de000000,0x00000000de500000)
 ParOldGen       total 89600K, used 27011K [0x0000000082000000, 0x0000000087780000, 0x00000000d6000000)
  object space 89600K, 30% used [0x0000000082000000,0x0000000083a60f10,0x0000000087780000)
 Metaspace       used 28612K, capacity 29346K, committed 29696K, reserved 1075200K
  class space    used 3799K, capacity 3985K, committed 4096K, reserved 1048576K
}
Event: 3.542 GC heap before
{Heap before GC invocations=6 (full 1):
 PSYoungGen      total 98816K, used 61104K [0x00000000d6000000, 0x00000000dea00000, 0x0000000100000000)
  eden space 93696K, 59% used [0x00000000d6000000,0x00000000d96ace10,0x00000000dbb80000)
  from space 5120K, 99% used [0x00000000de500000,0x00000000de9ff268,0x00000000dea00000)
  to   space 5120K, 0% used [0x00000000de000000,0x00000000de000000,0x00000000de500000)
 ParOldGen       total 89600K, used 27011K [0x0000000082000000, 0x0000000087780000, 0x00000000d6000000)
  object space 89600K, 30% used [0x0000000082000000,0x0000000083a60f10,0x0000000087780000)
 Metaspace       used 34299K, capacity 35300K, committed 35416K, reserved 1079296K
  class space    used 4665K, capacity 4896K, committed 4952K, reserved 1048576K
Event: 3.551 GC heap after
Heap after GC invocations=6 (full 1):
 PSYoungGen      total 98816K, used 5102K [0x00000000d6000000, 0x00000000dea00000, 0x0000000100000000)
  eden space 93696K, 0% used [0x00000000d6000000,0x00000000d6000000,0x00000000dbb80000)
  from space 5120K, 99% used [0x00000000de000000,0x00000000de4fba80,0x00000000de500000)
  to   space 5120K, 0% used [0x00000000de500000,0x00000000de500000,0x00000000dea00000)
 ParOldGen       total 89600K, used 31156K [0x0000000082000000, 0x0000000087780000, 0x00000000d6000000)
  object space 89600K, 34% used [0x0000000082000000,0x0000000083e6d200,0x0000000087780000)
 Metaspace       used 34299K, capacity 35300K, committed 35416K, reserved 1079296K
  class space    used 4665K, capacity 4896K, committed 4952K, reserved 1048576K
}
Event: 3.551 GC heap before
{Heap before GC invocations=7 (full 2):
 PSYoungGen      total 98816K, used 5102K [0x00000000d6000000, 0x00000000dea00000, 0x0000000100000000)
  eden space 93696K, 0% used [0x00000000d6000000,0x00000000d6000000,0x00000000dbb80000)
  from space 5120K, 99% used [0x00000000de000000,0x00000000de4fba80,0x00000000de500000)
  to   space 5120K, 0% used [0x00000000de500000,0x00000000de500000,0x00000000dea00000)
 ParOldGen       total 89600K, used 31156K [0x0000000082000000, 0x0000000087780000, 0x00000000d6000000)
  object space 89600K, 34% used [0x0000000082000000,0x0000000083e6d200,0x0000000087780000)
 Metaspace       used 34299K, capacity 35300K, committed 35416K, reserved 1079296K
  class space    used 4665K, capacity 4896K, committed 4952K, reserved 1048576K
Event: 3.620 GC heap after
Heap after GC invocations=7 (full 2):
 PSYoungGen      total 98816K, used 0K [0x00000000d6000000, 0x00000000dea00000, 0x0000000100000000)
  eden space 93696K, 0% used [0x00000000d6000000,0x00000000d6000000,0x00000000dbb80000)
  from space 5120K, 0% used [0x00000000de000000,0x00000000de000000,0x00000000de500000)
  to   space 5120K, 0% used [0x00000000de500000,0x00000000de500000,0x00000000dea00000)
 ParOldGen       total 89600K, used 28432K [0x0000000082000000, 0x0000000087780000, 0x00000000d6000000)
  object space 89600K, 31% used [0x0000000082000000,0x0000000083bc4320,0x0000000087780000)
 Metaspace       used 34299K, capacity 35300K, committed 35416K, reserved 1079296K
  class space    used 4665K, capacity 4896K, committed 4952K, reserved 1048576K
}

Deoptimization events (10 events):
Event: 3.464 Thread 0x0000000018c93800 Uncommon trap: reason=class_check action=maybe_recompile pc=0x00000000025af6e8 method=java.lang.String.equals(Ljava/lang/Object;)Z @ 8
Event: 3.482 Thread 0x0000000018c93800 Uncommon trap: reason=array_check action=maybe_recompile pc=0x0000000002fa3a4c method=com.sun.javafx.css.SimpleSelector.applies(Ljavafx/css/Styleable;[Ljava/util/Set;I)Z @ 37
Event: 3.482 Thread 0x0000000018c93800 Uncommon trap: reason=array_check action=maybe_recompile pc=0x0000000002fa3a4c method=com.sun.javafx.css.SimpleSelector.applies(Ljavafx/css/Styleable;[Ljava/util/Set;I)Z @ 37
Event: 3.482 Thread 0x0000000018c93800 Uncommon trap: reason=array_check action=maybe_recompile pc=0x0000000002fa3a4c method=com.sun.javafx.css.SimpleSelector.applies(Ljavafx/css/Styleable;[Ljava/util/Set;I)Z @ 37
Event: 3.485 Thread 0x0000000018c93800 Uncommon trap: reason=array_check action=maybe_recompile pc=0x0000000002fa3a4c method=com.sun.javafx.css.SimpleSelector.applies(Ljavafx/css/Styleable;[Ljava/util/Set;I)Z @ 37
Event: 3.512 Thread 0x0000000018c93800 Uncommon trap: reason=array_check action=maybe_recompile pc=0x0000000002fcc70c method=com.sun.javafx.css.SimpleSelector.applies(Ljavafx/css/Styleable;[Ljava/util/Set;I)Z @ 37
Event: 3.675 Thread 0x0000000018c93800 Uncommon trap: reason=unstable_if action=reinterpret pc=0x0000000002f85650 method=com.sun.javafx.css.BitSet.add(Ljava/lang/Object;)Z @ 91
Event: 3.680 Thread 0x0000000018c93800 Uncommon trap: reason=unstable_if action=reinterpret pc=0x0000000002cfc1f8 method=java.lang.ClassLoader.checkName(Ljava/lang/String;)Z @ 20
Event: 3.680 Thread 0x0000000018c93800 Uncommon trap: reason=unstable_if action=reinterpret pc=0x00000000029027ec method=java.lang.ClassLoader.checkName(Ljava/lang/String;)Z @ 20
Event: 3.751 Thread 0x0000000018c93800 Uncommon trap: reason=unstable_if action=reinterpret pc=0x000000000290deb4 method=java.io.WinNTFileSystem.normalize(Ljava/lang/String;)Ljava/lang/String; @ 74

Classes redefined (0 events):
No events

Internal exceptions (10 events):
Event: 0.534 Thread 0x0000000018c93800 Exception <a 'java/lang/ArrayIndexOutOfBoundsException'> (0x00000000d7e49a50) thrown at [C:\re\workspace\8-2-build-windows-amd64-cygwin\jdk8u191\11896\hotspot\src\share\vm\runtime\sharedRuntime.cpp, line 605]
Event: 0.609 Thread 0x0000000018c93800 Exception <a 'java/lang/ArrayIndexOutOfBoundsException'> (0x00000000d6244a38) thrown at [C:\re\workspace\8-2-build-windows-amd64-cygwin\jdk8u191\11896\hotspot\src\share\vm\runtime\sharedRuntime.cpp, line 605]
Event: 0.624 Thread 0x0000000018c93800 Exception <a 'java/lang/ArrayIndexOutOfBoundsException'> (0x00000000d6319f00) thrown at [C:\re\workspace\8-2-build-windows-amd64-cygwin\jdk8u191\11896\hotspot\src\share\vm\runtime\sharedRuntime.cpp, line 605]
Event: 0.789 Thread 0x0000000018c93800 Exception <a 'java/lang/ArrayIndexOutOfBoundsException'> (0x00000000d6d12840) thrown at [C:\re\workspace\8-2-build-windows-amd64-cygwin\jdk8u191\11896\hotspot\src\share\vm\runtime\sharedRuntime.cpp, line 605]
Event: 0.809 Thread 0x0000000018c93800 Exception <a 'java/lang/ArrayIndexOutOfBoundsException'> (0x00000000d70482f0) thrown at [C:\re\workspace\8-2-build-windows-amd64-cygwin\jdk8u191\11896\hotspot\src\share\vm\runtime\sharedRuntime.cpp, line 605]
Event: 1.266 Thread 0x0000000018c93800 Implicit null exception at 0x00000000026955d6 to 0x0000000002695971
Event: 1.666 Thread 0x0000000018c93800 Implicit null exception at 0x0000000002a2f935 to 0x0000000002a2fb89
Event: 1.673 Thread 0x0000000018c93800 Implicit null exception at 0x00000000026eccd6 to 0x00000000026ed071
Event: 2.382 Thread 0x0000000018c93800 Exception <a 'java/lang/NullPointerException'> (0x00000000d759e558) thrown at [C:\re\workspace\8-2-build-windows-amd64-cygwin\jdk8u191\11896\hotspot\src\share\vm\runtime\reflection.cpp, line 922]
Event: 3.263 Thread 0x0000000018c93800 Implicit null exception at 0x0000000002767275 to 0x0000000002767491

Events (10 events):
Event: 3.731 loading class com/sun/javafx/font/CMap$CMapFormat8 done
Event: 3.731 loading class com/sun/javafx/font/CMap$CMapFormat10
Event: 3.731 loading class com/sun/javafx/font/CMap$CMapFormat10 done
Event: 3.731 loading class com/sun/javafx/font/CMap$CMapFormat12
Event: 3.731 loading class com/sun/javafx/font/CMap$CMapFormat12 done
Event: 3.749 loading class com/sun/javafx/font/PrismFontFactory$TTFilter
Event: 3.749 loading class com/sun/javafx/font/PrismFontFactory$TTFilter done
Event: 3.751 Thread 0x0000000018c93800 Uncommon trap: trap_request=0xffffff65 fr.pc=0x000000000290deb4
Event: 3.751 Thread 0x0000000018c93800 DEOPT PACKING pc=0x000000000290deb4 sp=0x000000001955b360
Event: 3.751 Thread 0x0000000018c93800 DEOPT UNPACKING pc=0x00000000024d583b sp=0x000000001955b350 mode 2


Dynamic libraries:
0x00007ff75d6a0000 - 0x00007ff75d6d7000 	C:\Program Files\Java\jre1.8.0_191\bin\javaw.exe
0x00007ffed4a20000 - 0x00007ffed4c10000 	C:\Windows\SYSTEM32\ntdll.dll
0x00007ffed4280000 - 0x00007ffed4332000 	C:\Windows\System32\KERNEL32.DLL
0x00007ffed2600000 - 0x00007ffed28a4000 	C:\Windows\System32\KERNELBASE.dll
0x00007ffed2ad0000 - 0x00007ffed2b73000 	C:\Windows\System32\ADVAPI32.dll
0x00007ffed4160000 - 0x00007ffed41fe000 	C:\Windows\System32\msvcrt.dll
0x00007ffed4940000 - 0x00007ffed49d7000 	C:\Windows\System32\sechost.dll
0x00007ffed4520000 - 0x00007ffed4640000 	C:\Windows\System32\RPCRT4.dll
0x00007ffed2ec0000 - 0x00007ffed3055000 	C:\Windows\System32\USER32.dll
0x00007ffed2570000 - 0x00007ffed2591000 	C:\Windows\System32\win32u.dll
0x00007ffed3230000 - 0x00007ffed3256000 	C:\Windows\System32\GDI32.dll
0x00007ffed2930000 - 0x00007ffed2ac6000 	C:\Windows\System32\gdi32full.dll
0x00007ffed2160000 - 0x00007ffed21fe000 	C:\Windows\System32\msvcp_win.dll
0x00007ffed2220000 - 0x00007ffed231a000 	C:\Windows\System32\ucrtbase.dll
0x00007ffec4150000 - 0x00007ffec43d4000 	C:\Windows\WinSxS\amd64_microsoft.windows.common-controls_6595b64144ccf1df_6.0.18362.1016_none_9e7a36bbe461dae4\COMCTL32.dll
0x00007ffed2b80000 - 0x00007ffed2eb5000 	C:\Windows\System32\combase.dll
0x00007ffed28b0000 - 0x00007ffed2930000 	C:\Windows\System32\bcryptPrimitives.dll
0x00007ffed3070000 - 0x00007ffed309e000 	C:\Windows\System32\IMM32.DLL
0x0000000060d60000 - 0x0000000060e32000 	C:\Program Files\Java\jre1.8.0_191\bin\msvcr100.dll
0x0000000061370000 - 0x0000000061c14000 	C:\Program Files\Java\jre1.8.0_191\bin\server\jvm.dll
0x00007ffed36d0000 - 0x00007ffed36d8000 	C:\Windows\System32\PSAPI.DLL
0x00007ffec6a10000 - 0x00007ffec6a34000 	C:\Windows\SYSTEM32\WINMM.dll
0x00007ffeca0b0000 - 0x00007ffeca0ba000 	C:\Windows\SYSTEM32\VERSION.dll
0x00007ffec1800000 - 0x00007ffec1809000 	C:\Windows\SYSTEM32\WSOCK32.dll
0x00007ffec67c0000 - 0x00007ffec67ed000 	C:\Windows\SYSTEM32\winmmbase.dll
0x00007ffed4200000 - 0x00007ffed426f000 	C:\Windows\System32\WS2_32.dll
0x00007ffed23d0000 - 0x00007ffed241a000 	C:\Windows\System32\cfgmgr32.dll
0x0000000061360000 - 0x000000006136f000 	C:\Program Files\Java\jre1.8.0_191\bin\verify.dll
0x0000000061330000 - 0x0000000061359000 	C:\Program Files\Java\jre1.8.0_191\bin\java.dll
0x0000000061310000 - 0x0000000061326000 	C:\Program Files\Java\jre1.8.0_191\bin\zip.dll
0x00007ffed3780000 - 0x00007ffed3e67000 	C:\Windows\System32\SHELL32.dll
0x00007ffed4410000 - 0x00007ffed44b9000 	C:\Windows\System32\shcore.dll
0x00007ffed19d0000 - 0x00007ffed2152000 	C:\Windows\System32\windows.storage.dll
0x00007ffed1930000 - 0x00007ffed1953000 	C:\Windows\System32\profapi.dll
0x00007ffed18e0000 - 0x00007ffed192a000 	C:\Windows\System32\powrprof.dll
0x00007ffed18d0000 - 0x00007ffed18e0000 	C:\Windows\System32\UMPDC.dll
0x00007ffed47a0000 - 0x00007ffed47f2000 	C:\Windows\System32\shlwapi.dll
0x00007ffed1960000 - 0x00007ffed1971000 	C:\Windows\System32\kernel.appcore.dll
0x00007ffed2200000 - 0x00007ffed2217000 	C:\Windows\System32\cryptsp.dll
0x0000000000a10000 - 0x0000000000a13000 	C:\Program Files\Java\jre1.8.0_191\bin\api-ms-win-core-console-l1-1-0.dll
0x0000000000a20000 - 0x0000000000a23000 	C:\Program Files\Java\jre1.8.0_191\bin\api-ms-win-core-datetime-l1-1-0.dll
0x0000000000a40000 - 0x0000000000a43000 	C:\Program Files\Java\jre1.8.0_191\bin\api-ms-win-core-debug-l1-1-0.dll
0x0000000000a50000 - 0x0000000000a53000 	C:\Program Files\Java\jre1.8.0_191\bin\api-ms-win-core-errorhandling-l1-1-0.dll
0x0000000000a60000 - 0x0000000000a64000 	C:\Program Files\Java\jre1.8.0_191\bin\api-ms-win-core-file-l1-1-0.dll
0x0000000000a70000 - 0x0000000000a73000 	C:\Program Files\Java\jre1.8.0_191\bin\api-ms-win-core-file-l1-2-0.dll
0x0000000000a80000 - 0x0000000000a83000 	C:\Program Files\Java\jre1.8.0_191\bin\api-ms-win-core-file-l2-1-0.dll
0x0000000000a90000 - 0x0000000000a93000 	C:\Program Files\Java\jre1.8.0_191\bin\api-ms-win-core-handle-l1-1-0.dll
0x0000000000ab0000 - 0x0000000000ab3000 	C:\Program Files\Java\jre1.8.0_191\bin\api-ms-win-core-heap-l1-1-0.dll
0x0000000000ac0000 - 0x0000000000ac3000 	C:\Program Files\Java\jre1.8.0_191\bin\api-ms-win-core-interlocked-l1-1-0.dll
0x0000000000ad0000 - 0x0000000000ad3000 	C:\Program Files\Java\jre1.8.0_191\bin\api-ms-win-core-libraryloader-l1-1-0.dll
0x0000000018ed0000 - 0x0000000018ed3000 	C:\Program Files\Java\jre1.8.0_191\bin\api-ms-win-core-localization-l1-2-0.dll
0x0000000018ee0000 - 0x0000000018ee3000 	C:\Program Files\Java\jre1.8.0_191\bin\api-ms-win-core-memory-l1-1-0.dll
0x0000000018ef0000 - 0x0000000018ef3000 	C:\Program Files\Java\jre1.8.0_191\bin\api-ms-win-core-namedpipe-l1-1-0.dll
0x0000000018f00000 - 0x0000000018f03000 	C:\Program Files\Java\jre1.8.0_191\bin\api-ms-win-core-processenvironment-l1-1-0.dll
0x0000000018f10000 - 0x0000000018f13000 	C:\Program Files\Java\jre1.8.0_191\bin\api-ms-win-core-processthreads-l1-1-0.dll
0x0000000018f20000 - 0x0000000018f23000 	C:\Program Files\Java\jre1.8.0_191\bin\api-ms-win-core-processthreads-l1-1-1.dll
0x0000000018f30000 - 0x0000000018f33000 	C:\Program Files\Java\jre1.8.0_191\bin\api-ms-win-core-profile-l1-1-0.dll
0x0000000018f40000 - 0x0000000018f43000 	C:\Program Files\Java\jre1.8.0_191\bin\api-ms-win-core-rtlsupport-l1-1-0.dll
0x0000000018f50000 - 0x0000000018f53000 	C:\Program Files\Java\jre1.8.0_191\bin\api-ms-win-core-string-l1-1-0.dll
0x0000000018f60000 - 0x0000000018f63000 	C:\Program Files\Java\jre1.8.0_191\bin\api-ms-win-core-synch-l1-1-0.dll
0x0000000018f70000 - 0x0000000018f73000 	C:\Program Files\Java\jre1.8.0_191\bin\api-ms-win-core-synch-l1-2-0.dll
0x0000000018f80000 - 0x0000000018f83000 	C:\Program Files\Java\jre1.8.0_191\bin\api-ms-win-core-sysinfo-l1-1-0.dll
0x0000000018f90000 - 0x0000000018f93000 	C:\Program Files\Java\jre1.8.0_191\bin\api-ms-win-core-timezone-l1-1-0.dll
0x0000000018fa0000 - 0x0000000018fa3000 	C:\Program Files\Java\jre1.8.0_191\bin\api-ms-win-core-util-l1-1-0.dll
0x0000000018fb0000 - 0x0000000018fb3000 	C:\Program Files\Java\jre1.8.0_191\bin\api-ms-win-crt-conio-l1-1-0.dll
0x0000000018fc0000 - 0x0000000018fc4000 	C:\Program Files\Java\jre1.8.0_191\bin\api-ms-win-crt-convert-l1-1-0.dll
0x0000000018fd0000 - 0x0000000018fd3000 	C:\Program Files\Java\jre1.8.0_191\bin\api-ms-win-crt-environment-l1-1-0.dll
0x0000000018fe0000 - 0x0000000018fe3000 	C:\Program Files\Java\jre1.8.0_191\bin\api-ms-win-crt-filesystem-l1-1-0.dll
0x0000000018ff0000 - 0x0000000018ff3000 	C:\Program Files\Java\jre1.8.0_191\bin\api-ms-win-crt-heap-l1-1-0.dll
0x0000000019000000 - 0x0000000019003000 	C:\Program Files\Java\jre1.8.0_191\bin\api-ms-win-crt-locale-l1-1-0.dll
0x0000000019010000 - 0x0000000019015000 	C:\Program Files\Java\jre1.8.0_191\bin\api-ms-win-crt-math-l1-1-0.dll
0x0000000019020000 - 0x0000000019025000 	C:\Program Files\Java\jre1.8.0_191\bin\api-ms-win-crt-multibyte-l1-1-0.dll
0x0000000019030000 - 0x0000000019040000 	C:\Program Files\Java\jre1.8.0_191\bin\api-ms-win-crt-private-l1-1-0.dll
0x0000000019040000 - 0x0000000019043000 	C:\Program Files\Java\jre1.8.0_191\bin\api-ms-win-crt-process-l1-1-0.dll
0x0000000019050000 - 0x0000000019054000 	C:\Program Files\Java\jre1.8.0_191\bin\api-ms-win-crt-runtime-l1-1-0.dll
0x0000000019060000 - 0x0000000019064000 	C:\Program Files\Java\jre1.8.0_191\bin\api-ms-win-crt-stdio-l1-1-0.dll
0x0000000019070000 - 0x0000000019074000 	C:\Program Files\Java\jre1.8.0_191\bin\api-ms-win-crt-string-l1-1-0.dll
0x0000000019080000 - 0x0000000019083000 	C:\Program Files\Java\jre1.8.0_191\bin\api-ms-win-crt-time-l1-1-0.dll
0x0000000019090000 - 0x0000000019093000 	C:\Program Files\Java\jre1.8.0_191\bin\api-ms-win-crt-utility-l1-1-0.dll
0x00007ffec52d0000 - 0x00007ffec53c6000 	C:\Program Files\Java\jre1.8.0_191\bin\ucrtbase.dll
0x00007ffecb260000 - 0x00007ffecb276000 	C:\Program Files\Java\jre1.8.0_191\bin\vcruntime140.dll
0x00007ffec50e0000 - 0x00007ffec517c000 	C:\Program Files\Java\jre1.8.0_191\bin\msvcp140.dll
0x00007ffec5b00000 - 0x00007ffec5b51000 	C:\Program Files\Java\jre1.8.0_191\bin\concrt140.dll
0x0000000060d30000 - 0x0000000060d53000 	C:\Program Files\Java\jre1.8.0_191\bin\prism_d3d.dll
0x00007ffea2560000 - 0x00007ffea2727000 	C:\Windows\system32\d3d9.dll
0x00007ffecfb10000 - 0x00007ffecfb3d000 	C:\Windows\SYSTEM32\dwmapi.dll
0x00007ffed0530000 - 0x00007ffed0550000 	C:\Windows\SYSTEM32\dxcore.dll
0x00007ffece940000 - 0x00007ffece9d9000 	C:\Windows\system32\uxtheme.dll
0x00007ffecbc70000 - 0x00007ffecbe30000 	C:\Windows\System32\DriverStore\FileRepository\iigd_dch.inf_amd64_38bfcb542ef4272e\igdumdim64.dll
0x00007ffebdc10000 - 0x00007ffebdd62000 	C:\Windows\System32\DriverStore\FileRepository\iigd_dch.inf_amd64_38bfcb542ef4272e\igdgmm64.dll
0x0000000060ce0000 - 0x0000000060d29000 	C:\Program Files\Java\jre1.8.0_191\bin\glass.dll
0x00007ffed4340000 - 0x00007ffed4410000 	C:\Windows\System32\COMDLG32.dll
0x00007ffed4640000 - 0x00007ffed4797000 	C:\Windows\System32\ole32.dll
0x00007ffed4870000 - 0x00007ffed4935000 	C:\Windows\System32\OLEAUT32.dll
0x00007ffed4020000 - 0x00007ffed4155000 	C:\Windows\System32\MSCTF.dll
0x00007ffe7d820000 - 0x00007ffe813fb000 	C:\Windows\System32\DriverStore\FileRepository\iigd_dch.inf_amd64_38bfcb542ef4272e\igd9dxva64.dll
0x00007ffec5870000 - 0x00007ffec5892000 	C:\Windows\System32\DriverStore\FileRepository\iigd_dch.inf_amd64_38bfcb542ef4272e\igdinfo64.dll
0x00007ffebb8b0000 - 0x00007ffebdc06000 	C:\Windows\System32\DriverStore\FileRepository\iigd_dch.inf_amd64_38bfcb542ef4272e\igc64.dll
0x0000000060cc0000 - 0x0000000060cd4000 	C:\Program Files\Java\jre1.8.0_191\bin\javafx_font.dll
0x00007ffec18f0000 - 0x00007ffec1bee000 	C:\Windows\SYSTEM32\dwrite.dll
0x0000000060c90000 - 0x0000000060cb3000 	C:\Program Files\Java\jre1.8.0_191\bin\javafx_iio.dll
0x00007ffed0ca0000 - 0x00007ffed0cd3000 	C:\Windows\system32\rsaenh.dll
0x00007ffed19a0000 - 0x00007ffed19c6000 	C:\Windows\System32\bcrypt.dll
0x00007ffed17f0000 - 0x00007ffed1815000 	C:\Windows\SYSTEM32\USERENV.dll
0x00007ffed1300000 - 0x00007ffed130c000 	C:\Windows\SYSTEM32\CRYPTBASE.dll
0x00000000612f0000 - 0x000000006130a000 	C:\Program Files\Java\jre1.8.0_191\bin\net.dll
0x00007ffed1130000 - 0x00007ffed1197000 	C:\Windows\system32\mswsock.dll
0x00007ffed0e40000 - 0x00007ffed0e7a000 	C:\Windows\SYSTEM32\IPHLPAPI.DLL
0x00007ffed3060000 - 0x00007ffed3068000 	C:\Windows\System32\NSI.dll
0x00007ffec9e70000 - 0x00007ffec9e86000 	C:\Windows\SYSTEM32\dhcpcsvc6.DLL
0x00007ffec9e50000 - 0x00007ffec9e6c000 	C:\Windows\SYSTEM32\dhcpcsvc.DLL
0x00007ffed0e90000 - 0x00007ffed0f5b000 	C:\Windows\SYSTEM32\DNSAPI.dll
0x00000000612d0000 - 0x00000000612e1000 	C:\Program Files\Java\jre1.8.0_191\bin\nio.dll
0x00007ffec8810000 - 0x00007ffec881a000 	C:\Windows\System32\rasadhlp.dll
0x00007ffec9c50000 - 0x00007ffec9cc7000 	C:\Windows\System32\fwpuclnt.dll
0x00000000612a0000 - 0x00000000612c4000 	C:\Program Files\Java\jre1.8.0_191\bin\sunec.dll
0x0000000061290000 - 0x000000006129b000 	C:\Program Files\Java\jre1.8.0_191\bin\sunmscapi.dll
0x00007ffed2420000 - 0x00007ffed2569000 	C:\Windows\System32\CRYPT32.dll
0x00007ffed1980000 - 0x00007ffed1992000 	C:\Windows\System32\MSASN1.dll
0x00007ffed3180000 - 0x00007ffed3222000 	C:\Windows\System32\clbcatq.dll
0x00007ffec39e0000 - 0x00007ffec3b8f000 	C:\Windows\SYSTEM32\WindowsCodecs.dll
0x00007ffea03c0000 - 0x00007ffea03fa000 	C:\Windows\system32\dataexchange.dll
0x00007ffecde90000 - 0x00007ffece0eb000 	C:\Windows\system32\d3d11.dll
0x00007ffece0f0000 - 0x00007ffece2cd000 	C:\Windows\system32\dcomp.dll
0x00007ffed05c0000 - 0x00007ffed06ab000 	C:\Windows\system32\dxgi.dll
0x00007ffecf550000 - 0x00007ffecf7b2000 	C:\Windows\system32\twinapi.appcore.dll
0x00007ffecf940000 - 0x00007ffecf969000 	C:\Windows\system32\RMCLIENT.dll
0x00007ffecc700000 - 0x00007ffecc733000 	C:\Program Files\Common Files\Microsoft Shared\Ink\rtscom.dll

VM Arguments:
jvm_args: -Dfile.encoding=UTF-8 
java_command: com.toanhuuvuong.application.Main
java_class_path (initial): D:\KHTN\TKPM\LyThuyet\QLHSC3\workspace\qlhsc3\target\classes;C:\Program Files\eclipse\plugins\org.eclipse.fx.ide.css.jfx8_2.3.0.201603030809.jar;C:\Users\DELL\.m2\repository\org\openjfx\javafx-controls\11\javafx-controls-11.jar;C:\Users\DELL\.m2\repository\org\openjfx\javafx-controls\11\javafx-controls-11-win.jar;C:\Users\DELL\.m2\repository\org\openjfx\javafx-media\11\javafx-media-11.jar;C:\Users\DELL\.m2\repository\org\openjfx\javafx-media\11\javafx-media-11-win.jar;C:\Users\DELL\.m2\repository\org\openjfx\javafx-graphics\11\javafx-graphics-11.jar;C:\Users\DELL\.m2\repository\org\openjfx\javafx-graphics\11\javafx-graphics-11-win.jar;C:\Users\DELL\.m2\repository\org\openjfx\javafx-base\11\javafx-base-11.jar;C:\Users\DELL\.m2\repository\org\openjfx\javafx-base\11\javafx-base-11-win.jar;C:\Users\DELL\.m2\repository\org\openjfx\javafx-fxml\11\javafx-fxml-11.jar;C:\Users\DELL\.m2\repository\org\openjfx\javafx-fxml\11\javafx-fxml-11-win.jar;C:\Users\DELL\.m2\repository\mysql\mysql-connector-java\8.0.13\mysql-connector-java-8.0.13.jar;C:\Users\DELL\.m2\repository\com\google\protobuf\protobuf-java\3.6.1\protobuf-java-3.6.1.jar;C:\Users\DELL\.m2\repository\org\hibernate\hibernate-core\4.3.1.Final\hibernate-core-4.3.1.Final.jar;C:\Users\DELL\.m2\repository\org\jboss\logging\jboss-logging\3.1.3.GA\jboss-logging-3.1.3.GA.jar;C:\Users\DELL\.m2\repository\org\jboss\logging\jboss-logging-annotations\1.2.0.Beta1\jboss-logging-annotations-1.2.0.Beta1.jar;C:\Users\DELL\.m2\repository\org\jboss\spec\javax\transaction\jboss-transaction-api_1.2_spec\1.0.0.Final\jboss-transaction-api_1.2_spec-1.0.0.Final.jar;C:\Users\DELL\.m2\repository\dom4j\dom4j\1.6.1\dom4j-1.6.1.jar;C:\Users\DELL\.m2\repository\xml-apis\xml-apis\1.0.b2\xml-apis-1.0.b2.jar;C:\Users\DELL\.m2\repository\org\hibernate\common\hibernate-commons-annotations\4.0.4.Final\hibernate-commons-annotations-4.0.4.Final.jar;C:\Users\DELL\.m2\repository\org\hibernate\javax\persistence\hibernate-jpa-2.1-a
Launcher Type: SUN_STANDARD

Environment Variables:
JAVA_HOME=C:\Program Files\Java\jdk1.8.0_191
PATH=C:/Program Files/Java/jre1.8.0_191/bin/server;C:/Program Files/Java/jre1.8.0_191/bin;C:/Program Files/Java/jre1.8.0_191/lib/amd64;C:\Program Files (x86)\Common Files\Oracle\Java\javapath;C:\Windows\system32;C:\Windows;C:\Windows\System32\Wbem;C:\Windows\System32\WindowsPowerShell\v1.0\;C:\Windows\System32\OpenSSH\;C:\Program Files (x86)\Windows Kits\8.1\Windows Performance Toolkit\;C:\Program Files\Microsoft SQL Server\110\Tools\Binn\;C:\Program Files\Microsoft SQL Server\120\Tools\Binn\;C:\Program Files\Microsoft SQL Server\Client SDK\ODBC\110\Tools\Binn\;C:\Program Files (x86)\Microsoft SQL Server\120\Tools\Binn\;C:\Program Files\Microsoft SQL Server\120\DTS\Binn\;C:\Program Files (x86)\Microsoft SQL Server\120\Tools\Binn\ManagementStudio\;C:\Program Files (x86)\Microsoft SQL Server\120\DTS\Binn\;C:\Program Files\Java\jdk1.8.0_191\bin;C:\apache-maven-3.6.0\bin;C:\Program Files\nodejs\;C:\Program Files\Git\cmd;C:\Program Files\dotnet\;C:\Users\DELL\AppData\Local\Microsoft\WindowsApps;C:\Users\DELL\AppData\Roaming\npm;C:\Program Files\heroku\bin;C:\Program Files\eclipse;
USERNAME=DELL
OS=Windows_NT
PROCESSOR_IDENTIFIER=Intel64 Family 6 Model 142 Stepping 9, GenuineIntel



---------------  S Y S T E M  ---------------

OS: Windows 10.0 , 64 bit Build 18362 (10.0.18362.959)

CPU:total 4 (initial active 4) (2 cores per cpu, 2 threads per core) family 6 model 142 stepping 9, cmov, cx8, fxsr, mmx, sse, sse2, sse3, ssse3, sse4.1, sse4.2, popcnt, avx, avx2, aes, clmul, erms, 3dnowpref, lzcnt, ht, tsc, tscinvbit, bmi1, bmi2, adx

Memory: 4k page, physical 8251324k(1313924k free), swap 23490616k(3080k free)

vm_info: Java HotSpot(TM) 64-Bit Server VM (25.191-b12) for windows-amd64 JRE (1.8.0_191-b12), built on Oct  6 2018 09:29:03 by "java_re" with MS VC++ 10.0 (VS2010)

time: Tue Aug 18 21:08:04 2020
elapsed time: 3 seconds (0d 0h 0m 3s)

